0 verbose cli [
0 verbose cli   'C:\\Program Files\\nodejs\\node.exe',
0 verbose cli   'C:\\Users\\Mithat Kara\\AppData\\Roaming\\npm\\node_modules\\npm\\bin\\npm-cli.js',
0 verbose cli   'i',
0 verbose cli   'axios'
0 verbose cli ]
1 info using npm@8.5.0
2 info using node@v16.13.1
3 timing npm:load:whichnode Completed in 0ms
4 timing config:load:defaults Completed in 1ms
5 timing config:load:file:C:\Users\Mithat Kara\AppData\Roaming\npm\node_modules\npm\npmrc Completed in 3ms
6 timing config:load:builtin Completed in 3ms
7 timing config:load:cli Completed in 1ms
8 timing config:load:env Completed in 0ms
9 timing config:load:file:C:\Users\Mithat Kara\OneDrive\Masa端st端\react_patika_assignment_1\.npmrc Completed in 0ms
10 timing config:load:project Completed in 3ms
11 timing config:load:file:C:\Users\Mithat Kara\.npmrc Completed in 0ms
12 timing config:load:user Completed in 0ms
13 timing config:load:file:C:\Users\Mithat Kara\AppData\Roaming\npm\etc\npmrc Completed in 1ms
14 timing config:load:global Completed in 1ms
15 timing config:load:validate Completed in 1ms
16 timing config:load:credentials Completed in 0ms
17 timing config:load:setEnvs Completed in 1ms
18 timing config:load Completed in 12ms
19 timing npm:load:configload Completed in 13ms
20 timing npm:load:setTitle Completed in 0ms
21 timing config:load:flatten Completed in 3ms
22 timing npm:load:display Completed in 4ms
23 verbose logfile C:\Users\Mithat Kara\OneDrive\Masa端st端\react_patika_assignment_1\_logs\2022-02-16T11_03_00_507Z-debug-0.log
24 timing npm:load:logFile Completed in 8ms
25 timing npm:load:timers Completed in 0ms
26 timing npm:load:configScope Completed in 0ms
27 timing npm:load Completed in 26ms
28 timing arborist:ctor Completed in 1ms
29 timing idealTree:init Completed in 8ms
30 timing idealTree:userRequests Completed in 3ms
31 silly idealTree buildDeps
32 silly fetch manifest axios@*
33 http fetch GET 200 https://registry.npmjs.org/axios 255ms (cache miss)
34 silly placeDep ROOT axios@0.26.0 OK for:  want: *
35 silly fetch manifest follow-redirects@^1.14.8
36 http fetch GET 200 https://registry.npmjs.org/follow-redirects 89ms (cache miss)
37 timing idealTree:#root Completed in 353ms
38 silly placeDep ROOT follow-redirects@1.14.8 OK for: axios@0.26.0 want: ^1.14.8
39 timing idealTree:node_modules/axios Completed in 2ms
40 timing idealTree:node_modules/follow-redirects Completed in 0ms
41 timing idealTree:buildDeps Completed in 356ms
42 timing idealTree:fixDepFlags Completed in 0ms
43 timing idealTree Completed in 369ms
44 timing reify:loadTrees Completed in 369ms
45 timing reify:diffTrees Completed in 1ms
46 silly reify moves {}
47 timing reify:retireShallow Completed in 1ms
48 timing reify:createSparse Completed in 3ms
49 timing reify:loadBundles Completed in 0ms
50 silly audit bulk request { axios: [ '0.26.0' ], 'follow-redirects': [ '1.14.8' ] }
51 silly tarball no local data for follow-redirects@https://registry.npmjs.org/follow-redirects/-/follow-redirects-1.14.8.tgz. Extracting by manifest.
52 silly tarball no local data for axios@https://registry.npmjs.org/axios/-/axios-0.26.0.tgz. Extracting by manifest.
53 http fetch GET 200 https://registry.npmjs.org/follow-redirects/-/follow-redirects-1.14.8.tgz 258ms (cache miss)
54 timing reifyNode:node_modules/follow-redirects Completed in 265ms
55 http fetch GET 200 https://registry.npmjs.org/axios/-/axios-0.26.0.tgz 594ms (cache miss)
56 timing reifyNode:node_modules/axios Completed in 603ms
57 timing reify:unpack Completed in 604ms
58 timing reify:unretire Completed in 0ms
59 timing build:queue Completed in 2ms
60 timing build:deps Completed in 2ms
61 timing build Completed in 2ms
62 timing reify:build Completed in 3ms
63 timing reify:trash Completed in 0ms
64 timing reify:save Completed in 4ms
65 http fetch POST 200 https://registry.npmjs.org/-/npm/v1/security/advisories/bulk 829ms
66 timing auditReport:getReport Completed in 829ms
67 silly audit report {}
68 timing auditReport:init Completed in 0ms
69 timing reify:audit Completed in 831ms
70 timing reify Completed in 1238ms
71 silly ADD node_modules/follow-redirects
72 silly ADD node_modules/axios
73 timing command:i Completed in 1244ms
74 verbose exit 0
75 timing npm Completed in 1508ms
76 info ok
